<?xml version="1.0" encoding="UTF-8"?>
<testsuite xmlns:xsi="http://www.w3.org/2001/XMLSchema-instance" xsi:noNamespaceSchemaLocation="https://maven.apache.org/surefire/maven-surefire-plugin/xsd/surefire-test-report.xsd" version="3.0.2" name="com.example.Food.Delivery.App.Backend.FoodDeliveryAppBackendApplicationTests" time="9.617" tests="1" errors="0" skipped="0" failures="0">
  <properties>
[...]
</properties>
  <testcase name="contextLoads" classname="com.example.Food.Delivery.App.Backend.FoodDeliveryAppBackendApplicationTests" time="0.561">
    <system-out><![CDATA[13:41:33.027 [main] INFO org.springframework.test.context.support.AnnotationConfigContextLoaderUtils -- Could not detect default configuration classes for test class [com.example.Food.Delivery.App.Backend.FoodDeliveryAppBackendApplicationTests]: FoodDeliveryAppBackendApplicationTests does not declare any static, non-private, non-final, nested classes annotated with @Configuration.
13:41:33.249 [main] INFO org.springframework.boot.test.context.SpringBootTestContextBootstrapper -- Found @SpringBootConfiguration com.example.Food.Delivery.App.Backend.FoodDeliveryAppBackendApplication for test class com.example.Food.Delivery.App.Backend.FoodDeliveryAppBackendApplicationTests

  .   ____          _            __ _ _
 /\\ / ___'_ __ _ _(_)_ __  __ _ \ \ \ \
( ( )\___ | '_ | '_| | '_ \/ _` | \ \ \ \
 \\/  ___)| |_)| | | | | || (_| |  ) ) ) )
  '  |____| .__|_| |_|_| |_\__, | / / / /
 =========|_|==============|___/=/_/_/_/

 :: Spring Boot ::                (v3.5.3)

2025-07-22T13:41:34.186+05:30  INFO 6740 --- [Food-Delivery-App-Backend] [           main] B.FoodDeliveryAppBackendApplicationTests : Starting FoodDeliveryAppBackendApplicationTests using Java 22.0.2 with PID 6740 (started by saurav in C:\Users\91946\Desktop\Food delivery app\Food-Delivery-App-Backend)
2025-07-22T13:41:34.188+05:30  INFO 6740 --- [Food-Delivery-App-Backend] [           main] B.FoodDeliveryAppBackendApplicationTests : No active profile set, falling back to 1 default profile: "default"
2025-07-22T13:41:35.448+05:30  INFO 6740 --- [Food-Delivery-App-Backend] [           main] .s.d.r.c.RepositoryConfigurationDelegate : Bootstrapping Spring Data JPA repositories in DEFAULT mode.
2025-07-22T13:41:35.567+05:30  INFO 6740 --- [Food-Delivery-App-Backend] [           main] .s.d.r.c.RepositoryConfigurationDelegate : Finished Spring Data repository scanning in 100 ms. Found 3 JPA repository interfaces.
2025-07-22T13:41:36.340+05:30  INFO 6740 --- [Food-Delivery-App-Backend] [           main] com.zaxxer.hikari.HikariDataSource       : HikariPool-1 - Starting...
2025-07-22T13:41:36.700+05:30  INFO 6740 --- [Food-Delivery-App-Backend] [           main] com.zaxxer.hikari.pool.HikariPool        : HikariPool-1 - Added connection conn0: url=jdbc:h2:mem:234ee5a3-5a10-4252-b8ff-1d2eb2e3949b user=SA
2025-07-22T13:41:36.703+05:30  INFO 6740 --- [Food-Delivery-App-Backend] [           main] com.zaxxer.hikari.HikariDataSource       : HikariPool-1 - Start completed.
2025-07-22T13:41:36.808+05:30  INFO 6740 --- [Food-Delivery-App-Backend] [           main] o.hibernate.jpa.internal.util.LogHelper  : HHH000204: Processing PersistenceUnitInfo [name: default]
2025-07-22T13:41:36.946+05:30  INFO 6740 --- [Food-Delivery-App-Backend] [           main] org.hibernate.Version                    : HHH000412: Hibernate ORM core version 6.6.18.Final
2025-07-22T13:41:37.021+05:30  INFO 6740 --- [Food-Delivery-App-Backend] [           main] o.h.c.internal.RegionFactoryInitiator    : HHH000026: Second-level cache disabled
2025-07-22T13:41:37.604+05:30  INFO 6740 --- [Food-Delivery-App-Backend] [           main] o.s.o.j.p.SpringPersistenceUnitInfo      : No LoadTimeWeaver setup: ignoring JPA class transformer
2025-07-22T13:41:37.775+05:30  INFO 6740 --- [Food-Delivery-App-Backend] [           main] org.hibernate.orm.connections.pooling    : HHH10001005: Database info:
	Database JDBC URL [Connecting through datasource 'HikariDataSource (HikariPool-1)']
	Database driver: undefined/unknown
	Database version: 2.3.232
	Autocommit mode: undefined/unknown
	Isolation level: undefined/unknown
	Minimum pool size: undefined/unknown
	Maximum pool size: undefined/unknown
2025-07-22T13:41:39.384+05:30  INFO 6740 --- [Food-Delivery-App-Backend] [           main] o.h.e.t.j.p.i.JtaPlatformInitiator       : HHH000489: No JTA platform available (set 'hibernate.transaction.jta.platform' to enable JTA platform integration)
2025-07-22T13:41:39.476+05:30  INFO 6740 --- [Food-Delivery-App-Backend] [           main] j.LocalContainerEntityManagerFactoryBean : Initialized JPA EntityManagerFactory for persistence unit 'default'
2025-07-22T13:41:40.205+05:30  INFO 6740 --- [Food-Delivery-App-Backend] [           main] o.s.d.j.r.query.QueryEnhancerFactory     : Hibernate is in classpath; If applicable, HQL parser will be used.
2025-07-22T13:41:41.273+05:30  WARN 6740 --- [Food-Delivery-App-Backend] [           main] JpaBaseConfiguration$JpaWebConfiguration : spring.jpa.open-in-view is enabled by default. Therefore, database queries may be performed during view rendering. Explicitly configure spring.jpa.open-in-view to disable this warning
2025-07-22T13:41:41.766+05:30  INFO 6740 --- [Food-Delivery-App-Backend] [           main] B.FoodDeliveryAppBackendApplicationTests : Started FoodDeliveryAppBackendApplicationTests in 8.197 seconds (process running for 9.99)
]]></system-out>
    <system-err><![CDATA[Mockito is currently self-attaching to enable the inline-mock-maker. This will no longer work in future releases of the JDK. Please add Mockito as an agent to your build as described in Mockito's documentation: https://javadoc.io/doc/org.mockito/mockito-core/latest/org.mockito/org/mockito/Mockito.html#0.3
WARNING: A Java agent has been loaded dynamically (C:\Users\91946\.m2\repository\net\bytebuddy\byte-buddy-agent\1.17.6\byte-buddy-agent-1.17.6.jar)
WARNING: If a serviceability tool is in use, please run with -XX:+EnableDynamicAgentLoading to hide this warning
WARNING: If a serviceability tool is not in use, please run with -Djdk.instrument.traceUsage for more information
WARNING: Dynamic loading of agents will be disallowed by default in a future release
]]></system-err>
  </testcase>
</testsuite>